生成启动时间为 2023/2/4 17:15:08。
     1>项目“E:\Lab\C++\LearningCpp-Base\综合案例\机房预约系统\机房预约系统\机房预约系统.vcxproj”在节点 2 上(Rebuild 个目标)。
     1>ClCompile:
         F:\vs2015中文版\VC\bin\CL.exe /c /ZI /nologo /W3 /WX- /sdl /Od /Oy- /D _UNICODE /D UNICODE /Gm /EHsc /RTC1 /MDd /GS /fp:precise /Zc:wchar_t /Zc:forScope /Zc:inline /Fo"Debug\\" /Fd"Debug\vc140.pdb" /Gd /TP /analyze- /errorReport:prompt manager.cpp orderFile.cpp student.cpp teacher.cpp "机房预约系统.cpp"
         机房预约系统.cpp
         teacher.cpp
     1>e:\lab\c++\learningcpp-base\综合案例\机房预约系统\机房预约系统\teacher.cpp(111): warning C4018: “<=”: 有符号/无符号不匹配
         student.cpp
     1>e:\lab\c++\learningcpp-base\综合案例\机房预约系统\机房预约系统\student.cpp(253): warning C4018: “<=”: 有符号/无符号不匹配
         orderFile.cpp
         manager.cpp
         正在生成代码...
       Link:
         F:\vs2015中文版\VC\bin\link.exe /ERRORREPORT:PROMPT /OUT:"E:\Lab\C++\LearningCpp-Base\综合案例\机房预约系统\Debug\机房预约系统.exe" /INCREMENTAL /NOLOGO kernel32.lib user32.lib gdi32.lib winspool.lib comdlg32.lib advapi32.lib shell32.lib ole32.lib oleaut32.lib uuid.lib odbc32.lib odbccp32.lib /MANIFEST /MANIFESTUAC:"level='asInvoker' uiAccess='false'" /manifest:embed /Debug /PDB:"E:\Lab\C++\LearningCpp-Base\综合案例\机房预约系统\Debug\机房预约系统.pdb" /TLBID:1 /DYNAMICBASE /NXCOMPAT /IMPLIB:"E:\Lab\C++\LearningCpp-Base\综合案例\机房预约系统\Debug\机房预约系统.lib" /MACHINE:X86 Debug\manager.obj
         Debug\orderFile.obj
         Debug\student.obj
         Debug\teacher.obj
         "Debug\机房预约系统.obj"
         机房预约系统.vcxproj -> E:\Lab\C++\LearningCpp-Base\综合案例\机房预约系统\Debug\机房预约系统.exe
     1>已完成生成项目“E:\Lab\C++\LearningCpp-Base\综合案例\机房预约系统\机房预约系统\机房预约系统.vcxproj”(Rebuild 个目标)的操作。

已成功生成。

已用时间 00:00:03.17
